Building experiments executable...
Build completed successfully (55 jobs).
Starting experiment pipeline...
Processing 27 projects (max 8 parallel, mode: reclassify)
Base port: 9000

[batteries] Started (1 running, 26 pending)
[mathlib4] Started (2 running, 25 pending)
[aesop] Started (3 running, 24 pending)
[plausible] Started (4 running, 23 pending)
[mm0] Started (5 running, 22 pending)
[SciLean] Started (6 running, 21 pending)
[fad] Started (7 running, 20 pending)
[logical_verification_2025] Started (8 running, 19 pending)
[SciLean] Reclassify mode - skipping build and doc-gen4, running classification only
[plausible] Reclassify mode - skipping build and doc-gen4, running classification only
[mm0] Reclassify mode - skipping build and doc-gen4, running classification only
[fad] Reclassify mode - skipping build and doc-gen4, running classification only
[aesop] Reclassify mode - skipping build and doc-gen4, running classification only
[mathlib4] Reclassify mode - skipping build and doc-gen4, running classification only
[SciLean] Starting processing...
[mm0] Starting processing...
[SciLean] [1/6] Using existing repository (reclassify mode)
[mm0] [1/6] Using existing repository (reclassify mode)
[batteries] Reclassify mode - skipping build and doc-gen4, running classification only
[mathlib4] Starting processing...
[mathlib4] [1/6] Using existing repository (reclassify mode)
[logical_verification_2025] Reclassify mode - skipping build and doc-gen4, running classification only
[logical_verification_2025] Starting processing...
[logical_verification_2025] [1/6] Using existing repository (reclassify mode)
[plausible] Starting processing...
[plausible] [1/6] Using existing repository (reclassify mode)
[mm0] [2/6] Using branch: master
[SciLean] [2/6] Using branch: master
[mm0] [3/6] Setting up docvb directory...
[SciLean] [3/6] Setting up docvb directory...
[mathlib4] [2/6] Using branch: master
[mathlib4] [3/6] Setting up docvb directory...
[logical_verification_2025] [2/6] Using branch: main
[logical_verification_2025] [3/6] Setting up docvb directory...
[plausible] [2/6] Using branch: main
[plausible] [3/6] Setting up docvb directory...
[mathlib4] Downloaded lake-manifest.json from doc-gen4@v4.27.0-rc1
[mathlib4]       ✓ Project uses leanprover/lean4:v4.27.0-rc1 (supported range: v4.24.0 - v4.27.0)
[mathlib4] [4/6] Skipping build (reclassify mode - using existing build)
[mathlib4] [5/6] Generating documentation (mode: auto)...
[plausible] Downloaded lake-manifest.json from doc-gen4@v4.27.0-rc1
[plausible]       ✓ Project uses leanprover/lean4:v4.27.0-rc1 (supported range: v4.24.0 - v4.27.0)
[plausible] [4/6] Skipping build (reclassify mode - using existing build)
[plausible] [5/6] Generating documentation (mode: auto)...
[SciLean] Downloaded lake-manifest.json from doc-gen4@v4.20.1
[SciLean]       ✗ Toolchain too old: project uses leanprover/lean4:v4.20.1 but minimum supported is v4.24.0
[logical_verification_2025] Downloaded lake-manifest.json from doc-gen4@main
[logical_verification_2025]       ✗ Project has no lean-toolchain file
[SciLean] ✗ Complete (1/27 done)
[logical_verification_2025] ✗ Complete (2/27 done)
[puzzles] Started (7 running, 18 pending)
[RLTL-derivatives] Started (8 running, 17 pending)
[puzzles] Reclassify mode - skipping build and doc-gen4, running classification only
[puzzles] Starting processing...
[RLTL-derivatives] Reclassify mode - skipping build and doc-gen4, running classification only
[puzzles] [1/6] Using existing repository (reclassify mode)
[RLTL-derivatives] Starting processing...
[RLTL-derivatives] [1/6] Using existing repository (reclassify mode)
[puzzles] [2/6] Using branch: main
[puzzles] [3/6] Setting up docvb directory...
[RLTL-derivatives] [2/6] Using branch: main
[RLTL-derivatives] [3/6] Setting up docvb directory...
[RLTL-derivatives] Warning: Could not download lake-manifest.json from doc-gen4@v4.7.0
[RLTL-derivatives]       ✗ Toolchain too old: project uses leanprover/lean4:v4.7.0 but minimum supported is v4.24.0
[RLTL-derivatives] ✗ Complete (3/27 done)
[lean-loris] Started (8 running, 16 pending)
[lean-loris] Reclassify mode - skipping build and doc-gen4, running classification only
[lean-loris] Starting processing...
[lean-loris] [1/6] Using existing repository (reclassify mode)
[lean-loris] [2/6] Using branch: main
[lean-loris] [3/6] Setting up docvb directory...
[lean-loris] Warning: Could not download lake-manifest.json from doc-gen4@v4.7.0
[lean-loris]       ✗ Toolchain too old: project uses leanprover/lean4:v4.7.0 but minimum supported is v4.24.0
[lean-loris] ✗ Complete (4/27 done)
[LeanLangur] Started (8 running, 15 pending)
[LeanLangur] Reclassify mode - skipping build and doc-gen4, running classification only
[LeanLangur] Starting processing...
[LeanLangur] [1/6] Using existing repository (reclassify mode)
[LeanLangur] [2/6] Using branch: main
[LeanLangur] [3/6] Setting up docvb directory...
[LeanLangur] Downloaded lake-manifest.json from doc-gen4@v4.26.0
[LeanLangur]       ✓ Project uses leanprover/lean4:v4.26.0 (supported range: v4.24.0 - v4.27.0)
[LeanLangur] [4/6] Skipping build (reclassify mode - using existing build)
[LeanLangur] [5/6] Generating documentation (mode: auto)...
[fad] Starting processing...
[fad] [1/6] Using existing repository (reclassify mode)
[fad] [2/6] Using branch: main
[fad] [3/6] Setting up docvb directory...
[fad] Downloaded lake-manifest.json from doc-gen4@v4.27.0-rc1
[fad]       ✓ Project uses leanprover/lean4:v4.27.0-rc1 (supported range: v4.24.0 - v4.27.0)
[fad] [4/6] Skipping build (reclassify mode - using existing build)
[fad] [5/6] Generating documentation (mode: auto)...
[aesop] Starting processing...
[aesop] [1/6] Using existing repository (reclassify mode)
[aesop] [2/6] Using branch: master
[aesop] [3/6] Setting up docvb directory...
[aesop] Downloaded lake-manifest.json from doc-gen4@v4.27.0-rc1
[aesop]       ✓ Project uses leanprover/lean4:v4.27.0-rc1 (supported range: v4.24.0 - v4.27.0)
[aesop] [4/6] Skipping build (reclassify mode - using existing build)
[aesop] [5/6] Generating documentation (mode: auto)...
[batteries] Starting processing...
[batteries] [1/6] Using existing repository (reclassify mode)
[batteries] [2/6] Using branch: main
[batteries] [3/6] Setting up docvb directory...
[batteries] Downloaded lake-manifest.json from doc-gen4@v4.27.0-rc1
[batteries]       ✓ Project uses leanprover/lean4:v4.27.0-rc1 (supported range: v4.24.0 - v4.27.0)
[batteries] [4/6] Skipping build (reclassify mode - using existing build)
[batteries] [5/6] Generating documentation (mode: auto)...
[aesop]       Restored toolchain to leanprover/lean4:v4.27.0-rc1
[fad]       Warning: post-update hooks failed, continuing anyway...
[fad]       Restored toolchain to leanprover/lean4:v4.27.0-rc1
[plausible]       Restored toolchain to leanprover/lean4:v4.27.0-rc1
[batteries]       Restored toolchain to leanprover/lean4:v4.27.0-rc1
[LeanLangur]       Warning: post-update hooks failed, continuing anyway...
[LeanLangur]       Restored toolchain to leanprover/lean4:v4.26.0
[mathlib4]       Warning: post-update hooks failed, continuing anyway...
[mathlib4]       Restored toolchain to leanprover/lean4:v4.27.0-rc1
[aesop] ✗ Complete (5/27 done)
[proofs_with_lean] Started (8 running, 14 pending)
[proofs_with_lean] Reclassify mode - skipping build and doc-gen4, running classification only
[proofs_with_lean] Starting processing...
[proofs_with_lean] [1/6] Using existing repository (reclassify mode)
[proofs_with_lean] [2/6] Using branch: master
[proofs_with_lean] [3/6] Setting up docvb directory...
[plausible] ✗ Complete (6/27 done)
[LeanMetaCompute] Started (8 running, 13 pending)
[LeanMetaCompute] Reclassify mode - skipping build and doc-gen4, running classification only
[LeanMetaCompute] Starting processing...
[LeanMetaCompute] [1/6] Using existing repository (reclassify mode)
[LeanMetaCompute] [2/6] Using branch: main
[LeanMetaCompute] [3/6] Setting up docvb directory...
[fad] ✗ Complete (7/27 done)
[verbose-lean4] Started (8 running, 12 pending)
[verbose-lean4] Reclassify mode - skipping build and doc-gen4, running classification only
[verbose-lean4] Starting processing...
[verbose-lean4] [1/6] Using existing repository (reclassify mode)
[verbose-lean4] [2/6] Using branch: master
[verbose-lean4] [3/6] Setting up docvb directory...
[verbose-lean4] Downloaded lake-manifest.json from doc-gen4@v4.26.0
[verbose-lean4]       ✓ Project uses leanprover/lean4:v4.26.0 (supported range: v4.24.0 - v4.27.0)
[verbose-lean4] [4/6] Skipping build (reclassify mode - using existing build)
[verbose-lean4] [5/6] Generating documentation (mode: auto)...
[batteries] ✗ Complete (8/27 done)
[LeanLion] Started (8 running, 11 pending)
[LeanLion] Reclassify mode - skipping build and doc-gen4, running classification only
[LeanLion] Starting processing...
[LeanLion] [1/6] Using existing repository (reclassify mode)
[LeanLion] [2/6] Using branch: main
[LeanLion] [3/6] Setting up docvb directory...
[LeanLion] Downloaded lake-manifest.json from doc-gen4@v4.22.0
[LeanLion]       ✗ Toolchain too old: project uses leanprover/lean4:v4.22.0 but minimum supported is v4.24.0
[LeanLion] ✗ Complete (9/27 done)
[Polylean] Started (8 running, 10 pending)
[Polylean] Reclassify mode - skipping build and doc-gen4, running classification only
[Polylean] Starting processing...
[Polylean] [1/6] Using existing repository (reclassify mode)
[Polylean] [2/6] Using branch: main
[Polylean] [3/6] Setting up docvb directory...
[Polylean] Downloaded lake-manifest.json from doc-gen4@v4.19.0-rc3
[Polylean]       ✗ Toolchain too old: project uses leanprover/lean4:v4.19.0-rc3 but minimum supported is v4.24.0
[Polylean] ✗ Complete (10/27 done)
[fil-rb] Started (8 running, 9 pending)
[fil-rb] Reclassify mode - skipping build and doc-gen4, running classification only
[fil-rb] Starting processing...
[fil-rb] [1/6] Using existing repository (reclassify mode)
[fil-rb] [2/6] Using branch: main
[fil-rb] [3/6] Setting up docvb directory...
[fil-rb] Downloaded lake-manifest.json from doc-gen4@v4.15.0-rc1
[fil-rb]       ✗ Toolchain too old: project uses leanprover/lean4:v4.15.0-rc1 but minimum supported is v4.24.0
[fil-rb] ✗ Complete (11/27 done)
[banach-tarski] Started (8 running, 8 pending)
[banach-tarski] Reclassify mode - skipping build and doc-gen4, running classification only
[banach-tarski] Starting processing...
[banach-tarski] [1/6] Using existing repository (reclassify mode)
[banach-tarski] [2/6] Using branch: main
[banach-tarski] [3/6] Setting up docvb directory...
[banach-tarski] Downloaded lake-manifest.json from doc-gen4@v4.25.0
[banach-tarski]       ✓ Project uses leanprover/lean4:v4.25.0 (supported range: v4.24.0 - v4.27.0)
[banach-tarski] [4/6] Skipping build (reclassify mode - using existing build)
[banach-tarski] [5/6] Generating documentation (mode: auto)...
[LeanLangur] ✗ Complete (12/27 done)
[FLT] Started (8 running, 7 pending)
[FLT] Reclassify mode - skipping build and doc-gen4, running classification only
[FLT] Starting processing...
[FLT] [1/6] Using existing repository (reclassify mode)
[FLT] [2/6] Using branch: main
[FLT] [3/6] Setting up docvb directory...
[FLT] Downloaded lake-manifest.json from doc-gen4@v4.27.0-rc1
[FLT]       ✓ Project uses leanprover/lean4:v4.27.0-rc1 (supported range: v4.24.0 - v4.27.0)
[FLT] [4/6] Skipping build (reclassify mode - using existing build)
[FLT] [5/6] Generating documentation (mode: auto)...
[mathlib4] ✗ Complete (13/27 done)
[ClassFieldTheory] Started (8 running, 6 pending)
[ClassFieldTheory] Reclassify mode - skipping build and doc-gen4, running classification only
[ClassFieldTheory] Starting processing...
[ClassFieldTheory] [1/6] Using existing repository (reclassify mode)
[ClassFieldTheory] [2/6] Using branch: main
[ClassFieldTheory] [3/6] Setting up docvb directory...
[ClassFieldTheory] Downloaded lake-manifest.json from doc-gen4@v4.27.0-rc1
[ClassFieldTheory]       ✓ Project uses leanprover/lean4:v4.27.0-rc1 (supported range: v4.24.0 - v4.27.0)
[ClassFieldTheory] [4/6] Skipping build (reclassify mode - using existing build)
[ClassFieldTheory] [5/6] Generating documentation (mode: auto)...
[banach-tarski]       Restored toolchain to leanprover/lean4:v4.25.0
[verbose-lean4]       Warning: post-update hooks failed, continuing anyway...
[verb